Changes log

@author little-pan
@since 2017-09-02

2017-10-15 little-pan
  Add - log4j.properties in src/main/resources.
  Change - Mask password for security issue in LoginCredentials.toString().

2017-09-24 little-pan
  Fixbug - read auto-commit response in client version 12 in H2 FirstServerHandshake.processFurther().
  No auto-commit response below client version 15 in H2!
  Add - Tracing or debug H2 protocol in Encoder.encode() and Decoder.decode(). 

2017-09-02 little-pan
  Fixbug - Sand-boxing the DbCallback for protecting ADBCJ kernel from being destroyed when the exception
occurs in user callback code(DbCallback.complete()).

2017-09-01 little-pan
  Fixbug - Lost the last char in IoUtils.readNullTerminatedString().
  Add - mark()/reset() functions in BoundedInputStream for handling error in Connecting.parse().
  Add - CLOSE_FORCIBLY close mode for supporting close connection forcibly.
  Fixbug - Can't handle the error response in init handshake phase(Connecting.parse()). Add the connection 
close function when the error occurs.
  Fixbug - Can't handle Pre-4.1 or init handshake error packet in ResponseStart.decodeErrorResponse().
Moving the decodeErrorResponse() into DecoderState for handling init handshake error such as
'Too many connections' in Connecting。
  Change - Error format(ERROR %d (%s): %s) adjustment as mysql command reporting in ErrorResponse.toException().
  Add - Tracing or debug MySQL protocol in MySqlClientDecoder.doDecode().
